TN:
SF:/Users/bruins/Sites/vupi-gmnst/src/store/mutations.js
FN:5,(anonymous_0)
FN:9,(anonymous_1)
FN:18,(anonymous_2)
FN:22,(anonymous_3)
FN:26,(anonymous_4)
FN:33,(anonymous_5)
FN:47,(anonymous_6)
FN:55,(anonymous_7)
FN:56,(anonymous_8)
FN:64,(anonymous_9)
FN:68,(anonymous_10)
FN:72,(anonymous_11)
FN:76,(anonymous_12)
FNF:13
FNH:2
FNDA:0,(anonymous_0)
FNDA:1,(anonymous_1)
FNDA:0,(anonymous_2)
FNDA:0,(anonymous_3)
FNDA:0,(anonymous_4)
FNDA:0,(anonymous_5)
FNDA:1,(anonymous_6)
FNDA:0,(anonymous_7)
FNDA:0,(anonymous_8)
FNDA:0,(anonymous_9)
FNDA:0,(anonymous_10)
FNDA:0,(anonymous_11)
FNDA:0,(anonymous_12)
DA:6,0
DA:10,1
DA:11,1
DA:19,0
DA:23,0
DA:27,0
DA:29,0
DA:30,0
DA:32,0
DA:33,0
DA:34,0
DA:37,0
DA:41,0
DA:43,0
DA:44,0
DA:48,1
DA:52,0
DA:56,0
DA:57,0
DA:65,0
DA:69,0
DA:73,0
DA:77,0
LF:23
LH:3
BRDA:29,0,0,0
BRDA:29,0,1,0
BRDA:32,1,0,0
BRDA:32,1,1,0
BRDA:37,2,0,0
BRDA:37,2,1,0
BRF:6
BRH:0
end_of_record
TN:
SF:/Users/bruins/Sites/vupi-gmnst/src/App.js
FN:13,(anonymous_0)
FN:23,createApp
FN:42,(anonymous_2)
FNF:3
FNH:1
FNDA:2,(anonymous_0)
FNDA:0,createApp
FNDA:0,(anonymous_2)
DA:13,1
DA:14,2
DA:17,1
DA:18,1
DA:24,0
DA:27,0
DA:28,0
DA:32,0
DA:37,0
DA:42,0
DA:48,0
LF:11
LH:4
BRF:0
BRH:0
end_of_record
TN:
SF:/Users/bruins/Sites/vupi-gmnst/src/store/index.js
FN:10,createStore
FNF:1
FNH:1
FNDA:1,createStore
DA:8,1
DA:11,1
LF:2
LH:2
BRF:0
BRH:0
end_of_record
TN:
SF:/Users/bruins/Sites/vupi-gmnst/src/store/actions.js
FN:6,(anonymous_0)
FN:7,(anonymous_1)
FN:12,(anonymous_2)
FN:13,(anonymous_3)
FN:18,(anonymous_4)
FN:19,(anonymous_5)
FN:24,(anonymous_6)
FN:28,(anonymous_7)
FN:29,(anonymous_8)
FN:34,(anonymous_9)
FN:38,(anonymous_10)
FN:42,(anonymous_11)
FN:43,(anonymous_12)
FN:48,(anonymous_13)
FN:49,(anonymous_14)
FN:54,(anonymous_15)
FN:55,(anonymous_16)
FN:60,(anonymous_17)
FN:61,(anonymous_18)
FN:69,(anonymous_19)
FN:70,(anonymous_20)
FN:75,(anonymous_21)
FN:83,(anonymous_22)
FN:87,(anonymous_23)
FN:91,(anonymous_24)
FNF:25
FNH:3
FNDA:1,(anonymous_0)
FNDA:0,(anonymous_1)
FNDA:0,(anonymous_2)
FNDA:0,(anonymous_3)
FNDA:0,(anonymous_4)
FNDA:0,(anonymous_5)
FNDA:1,(anonymous_6)
FNDA:0,(anonymous_7)
FNDA:0,(anonymous_8)
FNDA:0,(anonymous_9)
FNDA:1,(anonymous_10)
FNDA:0,(anonymous_11)
FNDA:0,(anonymous_12)
FNDA:0,(anonymous_13)
FNDA:0,(anonymous_14)
FNDA:0,(anonymous_15)
FNDA:0,(anonymous_16)
FNDA:0,(anonymous_17)
FNDA:0,(anonymous_18)
FNDA:0,(anonymous_19)
FNDA:0,(anonymous_20)
FNDA:0,(anonymous_21)
FNDA:0,(anonymous_22)
FNDA:0,(anonymous_23)
FNDA:0,(anonymous_24)
DA:7,1
DA:8,0
DA:13,0
DA:14,0
DA:19,0
DA:20,0
DA:25,1
DA:29,0
DA:30,0
DA:35,0
DA:39,1
DA:43,0
DA:44,0
DA:49,0
DA:50,0
DA:55,0
DA:56,0
DA:61,0
DA:62,0
DA:70,0
DA:71,0
DA:76,0
DA:79,0
DA:84,0
DA:88,0
DA:92,0
LF:26
LH:3
BRDA:76,0,0,0
BRDA:76,0,1,0
BRDA:76,1,0,0
BRDA:76,1,1,0
BRDA:76,1,2,0
BRF:5
BRH:0
end_of_record
TN:
SF:/Users/bruins/Sites/vupi-gmnst/src/util/api/index.js
FN:13,(anonymous_0)
FN:21,(anonymous_1)
FN:29,(anonymous_2)
FN:59,(anonymous_3)
FN:71,(anonymous_4)
FN:81,(anonymous_5)
FN:91,(anonymous_6)
FN:99,(anonymous_7)
FN:107,(anonymous_8)
FN:115,(anonymous_9)
FN:123,(anonymous_10)
FN:131,(anonymous_11)
FN:139,(anonymous_12)
FN:149,(anonymous_13)
FNF:14
FNH:0
FNDA:0,(anonymous_0)
FNDA:0,(anonymous_1)
FNDA:0,(anonymous_2)
FNDA:0,(anonymous_3)
FNDA:0,(anonymous_4)
FNDA:0,(anonymous_5)
FNDA:0,(anonymous_6)
FNDA:0,(anonymous_7)
FNDA:0,(anonymous_8)
FNDA:0,(anonymous_9)
FNDA:0,(anonymous_10)
FNDA:0,(anonymous_11)
FNDA:0,(anonymous_12)
FNDA:0,(anonymous_13)
DA:8,1
DA:14,0
DA:19,0
DA:22,0
DA:27,0
DA:30,0
DA:44,0
DA:45,0
DA:53,0
DA:60,0
DA:65,0
DA:72,0
DA:77,0
DA:79,0
DA:82,0
DA:89,0
DA:92,0
DA:97,0
DA:100,0
DA:105,0
DA:108,0
DA:113,0
DA:116,0
DA:121,0
DA:124,0
DA:129,0
DA:132,0
DA:137,0
DA:140,0
DA:147,0
DA:150,0
LF:31
LH:1
BRDA:44,0,0,0
BRDA:44,0,1,0
BRDA:46,1,0,0
BRDA:46,1,1,0
BRF:4
BRH:0
end_of_record
TN:
SF:/Users/bruins/Sites/vupi-gmnst/src/util/http-common.js
FN:5,getJwtKey
FN:18,getHttp
FNF:2
FNH:2
FNDA:1,getJwtKey
FNDA:1,getHttp
DA:6,1
DA:7,1
DA:9,1
DA:10,0
DA:14,1
DA:19,1
DA:20,1
DA:22,1
DA:23,0
DA:31,1
DA:32,1
DA:35,1
LF:12
LH:10
BRDA:6,0,0,1
BRDA:6,0,1,0
BRDA:9,1,0,0
BRDA:9,1,1,1
BRDA:9,2,0,1
BRDA:9,2,1,1
BRDA:9,2,2,1
BRDA:19,3,0,1
BRDA:19,3,1,0
BRDA:22,4,0,0
BRDA:22,4,1,1
BRDA:31,5,0,1
BRDA:31,5,1,0
BRF:13
BRH:8
end_of_record
TN:
SF:/Users/bruins/Sites/vupi-gmnst/src/store/getters.js
FN:2,(anonymous_0)
FN:6,(anonymous_1)
FN:10,(anonymous_2)
FN:14,(anonymous_3)
FN:18,(anonymous_4)
FNF:5
FNH:3
FNDA:1,(anonymous_0)
FNDA:1,(anonymous_1)
FNDA:0,(anonymous_2)
FNDA:0,(anonymous_3)
FNDA:1,(anonymous_4)
DA:3,1
DA:7,1
DA:11,0
DA:15,0
DA:19,1
LF:5
LH:3
BRDA:19,0,0,1
BRDA:19,0,1,1
BRF:2
BRH:2
end_of_record
TN:
SF:/Users/bruins/Sites/vupi-gmnst/src/router/index.js
FN:20,createRouter
FN:23,(anonymous_1)
FNF:2
FNH:1
FNDA:1,createRouter
FNDA:0,(anonymous_1)
DA:4,1
DA:21,1
DA:23,0
LF:3
LH:2
BRF:0
BRH:0
end_of_record
TN:
SF:/Users/bruins/Sites/vupi-gmnst/src/pages/Home.vue
FN:39,(anonymous_0)
FN:49,(anonymous_1)
FN:63,(anonymous_2)
FNF:3
FNH:0
FNDA:0,(anonymous_0)
FNDA:0,(anonymous_1)
FNDA:0,(anonymous_2)
DA:40,0
DA:50,0
DA:51,0
DA:53,0
DA:54,0
DA:55,0
DA:58,0
DA:59,0
DA:64,0
DA:65,0
DA:67,0
DA:68,0
LF:12
LH:0
BRDA:53,0,0,0
BRDA:53,0,1,0
BRDA:67,1,0,0
BRDA:67,1,1,0
BRDA:68,2,0,0
BRDA:68,2,1,0
BRF:6
BRH:0
end_of_record
TN:
SF:/Users/bruins/Sites/vupi-gmnst/src/pages/product/ProductList.vue
FN:44,(anonymous_0)
FN:69,(anonymous_1)
FNF:2
FNH:0
FNDA:0,(anonymous_0)
FNDA:0,(anonymous_1)
DA:27,0
DA:39,0
DA:40,0
DA:41,0
DA:43,0
DA:44,0
DA:45,0
DA:46,0
DA:47,0
DA:52,0
DA:59,0
DA:69,0
DA:70,0
DA:75,0
DA:76,0
DA:84,0
DA:86,0
DA:88,0
DA:89,0
DA:95,0
DA:101,0
LF:21
LH:0
BRDA:43,0,0,0
BRDA:43,0,1,0
BRDA:43,1,0,0
BRDA:43,1,1,0
BRDA:45,2,0,0
BRDA:45,2,1,0
BRDA:45,3,0,0
BRDA:45,3,1,0
BRDA:75,4,0,0
BRDA:75,4,1,0
BRDA:88,5,0,0
BRDA:88,5,1,0
BRF:12
BRH:0
end_of_record
TN:
SF:/Users/bruins/Sites/vupi-gmnst/src/components/product/ProductCard.vue
FN:21,(anonymous_0)
FNF:1
FNH:0
FNDA:0,(anonymous_0)
DA:15,1
DA:22,0
DA:23,0
DA:25,0
LF:4
LH:1
BRDA:22,0,0,0
BRDA:22,0,1,0
BRF:2
BRH:0
end_of_record
TN:
SF:/Users/bruins/Sites/vupi-gmnst/src/pages/product/ProductDetail.vue
FN:110,(anonymous_0)
FN:116,(anonymous_1)
FN:129,(anonymous_2)
FN:157,(anonymous_3)
FN:164,(anonymous_4)
FN:168,(anonymous_5)
FN:169,(anonymous_6)
FN:174,(anonymous_7)
FN:192,(anonymous_8)
FN:196,add
FN:206,getSortedArray
FN:209,(anonymous_11)
FN:211,(anonymous_12)
FN:220,(anonymous_13)
FN:227,(anonymous_14)
FN:242,(anonymous_15)
FN:246,(anonymous_16)
FN:250,(anonymous_17)
FNF:18
FNH:0
FNDA:0,(anonymous_0)
FNDA:0,(anonymous_1)
FNDA:0,(anonymous_2)
FNDA:0,(anonymous_3)
FNDA:0,(anonymous_4)
FNDA:0,(anonymous_5)
FNDA:0,(anonymous_6)
FNDA:0,(anonymous_7)
FNDA:0,(anonymous_8)
FNDA:0,add
FNDA:0,getSortedArray
FNDA:0,(anonymous_11)
FNDA:0,(anonymous_12)
FNDA:0,(anonymous_13)
FNDA:0,(anonymous_14)
FNDA:0,(anonymous_15)
FNDA:0,(anonymous_16)
FNDA:0,(anonymous_17)
DA:85,1
DA:86,1
DA:87,1
DA:88,1
DA:99,0
DA:111,0
DA:112,0
DA:114,0
DA:117,0
DA:118,0
DA:120,0
DA:133,0
DA:134,0
DA:140,0
DA:141,0
DA:148,0
DA:150,0
DA:158,0
DA:159,0
DA:165,0
DA:169,0
DA:170,0
DA:171,0
DA:173,0
DA:174,0
DA:175,0
DA:176,0
DA:178,0
DA:179,0
DA:185,0
DA:193,0
DA:194,0
DA:197,0
DA:199,0
DA:200,0
DA:203,0
DA:207,0
DA:209,0
DA:210,0
DA:211,0
DA:212,0
DA:217,0
DA:220,0
DA:222,0
DA:223,0
DA:226,0
DA:227,0
DA:228,0
DA:229,0
DA:234,0
DA:241,0
DA:243,0
DA:244,0
DA:246,0
DA:247,0
DA:250,0
DA:251,0
LF:57
LH:4
BRDA:111,0,0,0
BRDA:111,0,1,0
BRDA:111,1,0,0
BRDA:111,1,1,0
BRDA:117,2,0,0
BRDA:117,2,1,0
BRDA:133,3,0,0
BRDA:133,3,1,0
BRDA:140,4,0,0
BRDA:140,4,1,0
BRDA:173,5,0,0
BRDA:173,5,1,0
BRDA:175,6,0,0
BRDA:175,6,1,0
BRDA:175,7,0,0
BRDA:175,7,1,0
BRDA:178,8,0,0
BRDA:178,8,1,0
BRDA:197,9,0,0
BRDA:197,9,1,0
BRDA:199,10,0,0
BRDA:199,10,1,0
BRDA:210,11,0,0
BRDA:210,11,1,0
BRDA:222,12,0,0
BRDA:222,12,1,0
BRDA:226,13,0,0
BRDA:226,13,1,0
BRDA:228,14,0,0
BRDA:228,14,1,0
BRDA:228,15,0,0
BRDA:228,15,1,0
BRF:32
BRH:0
end_of_record
TN:
SF:/Users/bruins/Sites/vupi-gmnst/src/components/product/ProductPrice.vue
FN:17,(anonymous_0)
FNF:1
FNH:0
FNDA:0,(anonymous_0)
DA:18,0
DA:19,0
DA:20,0
DA:22,0
DA:23,0
DA:27,0
LF:6
LH:0
BRDA:18,0,0,0
BRDA:18,0,1,0
BRDA:19,1,0,0
BRDA:19,1,1,0
BRDA:19,2,0,0
BRDA:19,2,1,0
BRDA:22,3,0,0
BRDA:22,3,1,0
BRF:8
BRH:0
end_of_record
TN:
SF:/Users/bruins/Sites/vupi-gmnst/src/components/NumberButtons.vue
FNF:0
FNH:0
DA:14,1
DA:15,1
DA:50,0
DA:52,0
DA:53,0
DA:56,0
DA:60,0
DA:64,0
DA:69,0
DA:75,0
DA:77,0
DA:78,0
DA:79,0
DA:83,0
DA:86,0
DA:87,0
DA:88,0
DA:92,0
DA:95,0
DA:99,0
DA:101,0
DA:102,0
DA:103,0
DA:104,0
DA:108,0
DA:109,0
DA:114,0
DA:116,0
DA:117,0
DA:118,0
DA:119,0
DA:123,0
DA:124,0
DA:129,0
DA:130,0
DA:137,0
DA:142,0
LF:37
LH:2
BRDA:52,0,0,0
BRDA:52,0,1,0
BRDA:52,1,0,0
BRDA:52,1,1,0
BRDA:60,2,0,0
BRDA:60,2,1,0
BRDA:64,3,0,0
BRDA:64,3,1,0
BRDA:77,4,0,0
BRDA:77,4,1,0
BRDA:78,5,0,0
BRDA:78,5,1,0
BRDA:86,6,0,0
BRDA:86,6,1,0
BRDA:87,7,0,0
BRDA:87,7,1,0
BRDA:101,8,0,0
BRDA:101,8,1,0
BRDA:102,9,0,0
BRDA:102,9,1,0
BRDA:116,10,0,0
BRDA:116,10,1,0
BRDA:117,11,0,0
BRDA:117,11,1,0
BRF:24
BRH:0
end_of_record
TN:
SF:/Users/bruins/Sites/vupi-gmnst/src/pages/cart/Cart.vue
FN:44,(anonymous_0)
FN:59,(anonymous_1)
FNF:2
FNH:0
FNDA:0,(anonymous_0)
FNDA:0,(anonymous_1)
DA:45,0
DA:52,0
DA:57,0
DA:58,0
DA:59,0
DA:60,0
DA:61,0
DA:63,0
LF:8
LH:0
BRDA:57,0,0,0
BRDA:57,0,1,0
BRDA:58,1,0,0
BRDA:58,1,1,0
BRDA:58,2,0,0
BRDA:58,2,1,0
BRDA:60,3,0,0
BRDA:60,3,1,0
BRF:8
BRH:0
end_of_record
TN:
SF:/Users/bruins/Sites/vupi-gmnst/src/components/PageHeader.vue
FNF:0
FNH:0
LF:0
LH:0
BRF:0
BRH:0
end_of_record
TN:
SF:/Users/bruins/Sites/vupi-gmnst/src/components/cart/CartItems.vue
FN:166,(anonymous_0)
FN:177,(anonymous_1)
FNF:2
FNH:0
FNDA:0,(anonymous_0)
FNDA:0,(anonymous_1)
DA:107,1
DA:108,1
DA:109,1
DA:110,1
DA:111,1
DA:132,0
DA:153,0
DA:154,0
DA:156,0
DA:160,0
DA:161,0
DA:163,0
DA:167,0
DA:168,0
DA:173,0
DA:175,0
DA:178,0
DA:183,0
DA:184,0
DA:192,0
DA:199,0
LF:21
LH:5
BRDA:153,0,0,0
BRDA:153,0,1,0
BRDA:183,1,0,0
BRDA:183,1,1,0
BRF:4
BRH:0
end_of_record
TN:
SF:/Users/bruins/Sites/vupi-gmnst/src/pages/checkout/Checkout.vue
FN:240,(anonymous_0)
FN:257,(anonymous_1)
FN:262,(anonymous_2)
FN:270,(anonymous_3)
FN:273,(anonymous_4)
FN:279,(anonymous_5)
FN:313,(anonymous_6)
FN:331,(anonymous_7)
FN:380,(anonymous_8)
FN:397,(anonymous_9)
FN:420,(anonymous_10)
FN:434,(anonymous_11)
FN:442,(anonymous_12)
FN:445,(anonymous_13)
FN:456,(anonymous_14)
FN:477,(anonymous_15)
FN:481,(anonymous_16)
FN:492,(anonymous_17)
FN:502,(anonymous_18)
FN:509,(anonymous_19)
FN:513,(anonymous_20)
FN:517,(anonymous_21)
FN:535,(anonymous_22)
FN:549,(anonymous_23)
FN:586,(anonymous_24)
FN:610,(anonymous_25)
FN:613,(anonymous_26)
FN:616,(anonymous_27)
FN:618,(anonymous_28)
FN:636,(anonymous_29)
FN:675,(anonymous_30)
FN:676,getElementId
FN:683,(anonymous_32)
FN:705,(anonymous_33)
FN:736,(anonymous_34)
FN:769,(anonymous_35)
FN:785,(anonymous_36)
FN:789,(anonymous_37)
FN:810,(anonymous_38)
FN:828,(anonymous_39)
FNF:40
FNH:0
FNDA:0,(anonymous_0)
FNDA:0,(anonymous_1)
FNDA:0,(anonymous_2)
FNDA:0,(anonymous_3)
FNDA:0,(anonymous_4)
FNDA:0,(anonymous_5)
FNDA:0,(anonymous_6)
FNDA:0,(anonymous_7)
FNDA:0,(anonymous_8)
FNDA:0,(anonymous_9)
FNDA:0,(anonymous_10)
FNDA:0,(anonymous_11)
FNDA:0,(anonymous_12)
FNDA:0,(anonymous_13)
FNDA:0,(anonymous_14)
FNDA:0,(anonymous_15)
FNDA:0,(anonymous_16)
FNDA:0,(anonymous_17)
FNDA:0,(anonymous_18)
FNDA:0,(anonymous_19)
FNDA:0,(anonymous_20)
FNDA:0,(anonymous_21)
FNDA:0,(anonymous_22)
FNDA:0,(anonymous_23)
FNDA:0,(anonymous_24)
FNDA:0,(anonymous_25)
FNDA:0,(anonymous_26)
FNDA:0,(anonymous_27)
FNDA:0,(anonymous_28)
FNDA:0,(anonymous_29)
FNDA:0,(anonymous_30)
FNDA:0,getElementId
FNDA:0,(anonymous_32)
FNDA:0,(anonymous_33)
FNDA:0,(anonymous_34)
FNDA:0,(anonymous_35)
FNDA:0,(anonymous_36)
FNDA:0,(anonymous_37)
FNDA:0,(anonymous_38)
FNDA:0,(anonymous_39)
DA:204,1
DA:205,1
DA:206,1
DA:207,1
DA:208,1
DA:209,1
DA:210,1
DA:211,1
DA:213,1
DA:215,1
DA:216,1
DA:241,0
DA:251,0
DA:254,0
DA:258,0
DA:263,0
DA:264,0
DA:266,0
DA:271,0
DA:274,0
DA:280,0
DA:314,0
DA:315,0
DA:317,0
DA:319,0
DA:320,0
DA:323,0
DA:332,0
DA:333,0
DA:336,0
DA:338,0
DA:339,0
DA:340,0
DA:341,0
DA:342,0
DA:343,0
DA:345,0
DA:348,0
DA:349,0
DA:359,0
DA:360,0
DA:361,0
DA:362,0
DA:363,0
DA:364,0
DA:366,0
DA:367,0
DA:370,0
DA:372,0
DA:373,0
DA:378,0
DA:380,0
DA:381,0
DA:382,0
DA:385,0
DA:388,0
DA:394,0
DA:398,0
DA:400,0
DA:401,0
DA:404,0
DA:406,0
DA:421,0
DA:422,0
DA:424,0
DA:425,0
DA:427,0
DA:435,0
DA:443,0
DA:446,0
DA:457,0
DA:459,0
DA:478,0
DA:479,0
DA:482,0
DA:493,0
DA:494,0
DA:503,0
DA:504,0
DA:510,0
DA:514,0
DA:518,0
DA:519,0
DA:520,0
DA:523,0
DA:524,0
DA:527,0
DA:536,0
DA:550,0
DA:552,0
DA:553,0
DA:557,0
DA:559,0
DA:560,0
DA:563,0
DA:564,0
DA:567,0
DA:568,0
DA:571,0
DA:576,0
DA:579,0
DA:583,0
DA:584,0
DA:586,0
DA:587,0
DA:588,0
DA:594,0
DA:595,0
DA:601,0
DA:602,0
DA:605,0
DA:618,0
DA:619,0
DA:620,0
DA:621,0
DA:624,0
DA:627,0
DA:634,0
DA:637,0
DA:638,0
DA:645,0
DA:648,0
DA:649,0
DA:653,0
DA:654,0
DA:655,0
DA:658,0
DA:659,0
DA:662,0
DA:663,0
DA:667,0
DA:668,0
DA:669,0
DA:677,0
DA:678,0
DA:680,0
DA:683,0
DA:684,0
DA:685,0
DA:686,0
DA:687,0
DA:691,0
DA:692,0
DA:693,0
DA:695,0
DA:696,0
DA:699,0
DA:705,0
DA:707,0
DA:709,0
DA:710,0
DA:714,0
DA:716,0
DA:717,0
DA:718,0
DA:721,0
DA:722,0
DA:726,0
DA:727,0
DA:729,0
DA:730,0
DA:737,0
DA:738,0
DA:770,0
DA:771,0
DA:776,0
DA:779,0
DA:780,0
DA:786,0
DA:787,0
DA:790,0
DA:791,0
DA:796,0
DA:799,0
DA:806,0
DA:807,0
DA:808,0
DA:811,0
DA:812,0
DA:819,0
DA:820,0
DA:821,0
DA:829,0
LF:183
LH:11
BRDA:241,0,0,0
BRDA:241,0,1,0
BRDA:241,1,0,0
BRDA:241,1,1,0
BRDA:241,1,2,0
BRDA:241,1,3,0
BRDA:241,1,4,0
BRDA:241,1,5,0
BRDA:241,1,6,0
BRDA:241,1,7,0
BRDA:241,1,8,0
BRDA:241,1,9,0
BRDA:263,2,0,0
BRDA:263,2,1,0
BRDA:319,3,0,0
BRDA:319,3,1,0
BRDA:332,4,0,0
BRDA:332,4,1,0
BRDA:336,5,0,0
BRDA:336,5,1,0
BRDA:336,5,2,0
BRDA:372,6,0,0
BRDA:372,6,1,0
BRDA:372,7,0,0
BRDA:372,7,1,0
BRDA:381,8,0,0
BRDA:381,8,1,0
BRDA:400,9,0,0
BRDA:400,9,1,0
BRDA:407,10,0,0
BRDA:407,10,1,0
BRDA:421,11,0,0
BRDA:421,11,1,0
BRDA:424,12,0,0
BRDA:424,12,1,0
BRDA:493,13,0,0
BRDA:493,13,1,0
BRDA:518,14,0,0
BRDA:518,14,1,0
BRDA:518,15,0,0
BRDA:518,15,1,0
BRDA:519,16,0,0
BRDA:519,16,1,0
BRDA:523,17,0,0
BRDA:523,17,1,0
BRDA:536,18,0,0
BRDA:536,18,1,0
BRDA:552,19,0,0
BRDA:552,19,1,0
BRDA:552,20,0,0
BRDA:552,20,1,0
BRDA:557,21,0,0
BRDA:557,21,1,0
BRDA:557,21,2,0
BRDA:567,22,0,0
BRDA:567,22,1,0
BRDA:587,23,0,0
BRDA:587,23,1,0
BRDA:619,24,0,0
BRDA:619,24,1,0
BRDA:637,25,0,0
BRDA:637,25,1,0
BRDA:645,26,0,0
BRDA:645,26,1,0
BRDA:645,26,2,0
BRDA:645,26,3,0
BRDA:662,27,0,0
BRDA:662,27,1,0
BRDA:677,28,0,0
BRDA:677,28,1,0
BRDA:677,29,0,0
BRDA:677,29,1,0
BRDA:691,30,0,0
BRDA:691,30,1,0
BRDA:692,31,0,0
BRDA:692,31,1,0
BRDA:692,32,0,0
BRDA:692,32,1,0
BRDA:695,33,0,0
BRDA:695,33,1,0
BRDA:707,34,0,0
BRDA:707,34,1,0
BRDA:707,34,2,0
BRDA:709,35,0,0
BRDA:709,35,1,0
BRDA:714,36,0,0
BRDA:714,36,1,0
BRDA:716,37,0,0
BRDA:716,37,1,0
BRDA:721,38,0,0
BRDA:721,38,1,0
BRDA:729,39,0,0
BRDA:729,39,1,0
BRDA:770,40,0,0
BRDA:770,40,1,0
BRDA:790,41,0,0
BRDA:790,41,1,0
BRDA:806,42,0,0
BRDA:806,42,1,0
BRDA:811,43,0,0
BRDA:811,43,1,0
BRF:101
BRH:0
end_of_record
TN:
SF:/Users/bruins/Sites/vupi-gmnst/src/components/checkout/CheckoutWizardBar.vue
FN:53,(anonymous_0)
FNF:1
FNH:0
FNDA:0,(anonymous_0)
DA:54,0
DA:60,0
DA:69,0
DA:70,0
DA:71,0
DA:78,0
LF:6
LH:0
BRDA:69,0,0,0
BRDA:69,0,1,0
BRF:2
BRH:0
end_of_record
TN:
SF:/Users/bruins/Sites/vupi-gmnst/src/components/checkout/PaymentMethodChooser.vue
FN:28,(anonymous_0)
FNF:1
FNH:0
FNDA:0,(anonymous_0)
DA:29,0
DA:36,0
DA:37,0
LF:3
LH:0
BRF:0
BRH:0
end_of_record
TN:
SF:/Users/bruins/Sites/vupi-gmnst/src/components/checkout/ShippingForm.vue
FN:206,(anonymous_0)
FN:243,(anonymous_1)
FN:248,(anonymous_2)
FN:310,(anonymous_3)
FN:317,(anonymous_4)
FN:323,(anonymous_5)
FN:340,(anonymous_6)
FN:366,(anonymous_7)
FN:415,(anonymous_8)
FN:432,(anonymous_9)
FNF:10
FNH:0
FNDA:0,(anonymous_0)
FNDA:0,(anonymous_1)
FNDA:0,(anonymous_2)
FNDA:0,(anonymous_3)
FNDA:0,(anonymous_4)
FNDA:0,(anonymous_5)
FNDA:0,(anonymous_6)
FNDA:0,(anonymous_7)
FNDA:0,(anonymous_8)
FNDA:0,(anonymous_9)
DA:190,1
DA:191,1
DA:192,1
DA:194,1
DA:196,1
DA:197,1
DA:207,0
DA:244,0
DA:249,0
DA:254,0
DA:257,0
DA:258,0
DA:263,0
DA:265,0
DA:266,0
DA:269,0
DA:273,0
DA:274,0
DA:283,0
DA:284,0
DA:286,0
DA:293,0
DA:300,0
DA:302,0
DA:305,0
DA:311,0
DA:312,0
DA:313,0
DA:314,0
DA:318,0
DA:319,0
DA:320,0
DA:324,0
DA:325,0
DA:326,0
DA:329,0
DA:330,0
DA:333,0
DA:341,0
DA:342,0
DA:344,0
DA:345,0
DA:348,0
DA:349,0
DA:352,0
DA:353,0
DA:354,0
DA:355,0
DA:356,0
DA:358,0
DA:367,0
DA:369,0
DA:372,0
DA:374,0
DA:375,0
DA:376,0
DA:377,0
DA:378,0
DA:379,0
DA:381,0
DA:383,0
DA:384,0
DA:394,0
DA:395,0
DA:396,0
DA:397,0
DA:398,0
DA:399,0
DA:401,0
DA:402,0
DA:405,0
DA:407,0
DA:408,0
DA:413,0
DA:415,0
DA:416,0
DA:417,0
DA:420,0
DA:423,0
DA:429,0
DA:433,0
DA:435,0
DA:436,0
DA:439,0
LF:84
LH:6
BRDA:249,0,0,0
BRDA:249,0,1,0
BRDA:249,0,2,0
BRDA:254,1,0,0
BRDA:254,1,1,0
BRDA:263,2,0,0
BRDA:263,2,1,0
BRDA:273,3,0,0
BRDA:273,3,1,0
BRDA:283,4,0,0
BRDA:283,4,1,0
BRDA:286,5,0,0
BRDA:286,5,1,0
BRDA:293,6,0,0
BRDA:293,6,1,0
BRDA:300,7,0,0
BRDA:300,7,1,0
BRDA:305,8,0,0
BRDA:305,8,1,0
BRDA:312,9,0,0
BRDA:312,9,1,0
BRDA:325,10,0,0
BRDA:325,10,1,0
BRDA:329,11,0,0
BRDA:329,11,1,0
BRDA:330,12,0,0
BRDA:330,12,1,0
BRDA:344,13,0,0
BRDA:344,13,1,0
BRDA:348,14,0,0
BRDA:348,14,1,0
BRDA:367,15,0,0
BRDA:367,15,1,0
BRDA:372,16,0,0
BRDA:372,16,1,0
BRDA:372,16,2,0
BRDA:407,17,0,0
BRDA:407,17,1,0
BRDA:407,18,0,0
BRDA:407,18,1,0
BRDA:416,19,0,0
BRDA:416,19,1,0
BRDA:435,20,0,0
BRDA:435,20,1,0
BRDA:440,21,0,0
BRDA:440,21,1,0
BRF:46
BRH:0
end_of_record
TN:
SF:/Users/bruins/Sites/vupi-gmnst/src/components/CountrySelect.vue
FN:58,(anonymous_0)
FNF:1
FNH:0
FNDA:0,(anonymous_0)
DA:24,1
DA:44,0
DA:49,0
DA:53,0
DA:59,0
DA:65,0
DA:70,0
LF:7
LH:1
BRDA:59,0,0,0
BRDA:59,0,1,0
BRDA:59,1,0,0
BRDA:59,1,1,0
BRF:4
BRH:0
end_of_record
TN:
SF:/Users/bruins/Sites/vupi-gmnst/src/components/StateProvinceSelect.vue
FN:69,(anonymous_0)
FN:73,(anonymous_1)
FNF:2
FNH:0
FNDA:0,(anonymous_0)
FNDA:0,(anonymous_1)
DA:30,1
DA:55,0
DA:60,0
DA:64,0
DA:70,0
DA:74,0
DA:80,0
DA:87,0
DA:88,0
DA:93,0
LF:10
LH:1
BRDA:70,0,0,0
BRDA:70,0,1,0
BRDA:70,1,0,0
BRDA:70,1,1,0
BRDA:74,2,0,0
BRDA:74,2,1,0
BRDA:74,3,0,0
BRDA:74,3,1,0
BRF:8
BRH:0
end_of_record
TN:
SF:/Users/bruins/Sites/vupi-gmnst/src/util/countryStates.js
FNF:0
FNH:0
LF:0
LH:0
BRF:0
BRH:0
end_of_record
TN:
SF:/Users/bruins/Sites/vupi-gmnst/src/components/checkout/ShippingBillingHelp.vue
FN:124,(anonymous_0)
FNF:1
FNH:0
FNDA:0,(anonymous_0)
DA:120,1
DA:121,1
DA:125,0
LF:3
LH:2
BRF:0
BRH:0
end_of_record
TN:
SF:/Users/bruins/Sites/vupi-gmnst/src/components/checkout/ShippingBillingForm.vue
FN:165,(anonymous_0)
FN:199,(anonymous_1)
FN:207,(anonymous_2)
FN:272,(anonymous_3)
FN:279,(anonymous_4)
FN:285,(anonymous_5)
FN:301,(anonymous_6)
FN:307,(anonymous_7)
FNF:8
FNH:0
FNDA:0,(anonymous_0)
FNDA:0,(anonymous_1)
FNDA:0,(anonymous_2)
FNDA:0,(anonymous_3)
FNDA:0,(anonymous_4)
FNDA:0,(anonymous_5)
FNDA:0,(anonymous_6)
FNDA:0,(anonymous_7)
DA:147,1
DA:148,1
DA:150,1
DA:166,0
DA:200,0
DA:201,0
DA:203,0
DA:204,0
DA:207,0
DA:208,0
DA:209,0
DA:211,0
DA:212,0
DA:217,0
DA:222,0
DA:224,0
DA:225,0
DA:228,0
DA:232,0
DA:233,0
DA:237,0
DA:246,0
DA:247,0
DA:249,0
DA:256,0
DA:263,0
DA:265,0
DA:268,0
DA:273,0
DA:274,0
DA:275,0
DA:276,0
DA:280,0
DA:281,0
DA:282,0
DA:286,0
DA:287,0
DA:288,0
DA:291,0
DA:292,0
DA:295,0
DA:302,0
DA:303,0
DA:308,0
DA:319,0
DA:320,0
DA:323,0
LF:47
LH:3
BRDA:203,0,0,0
BRDA:203,0,1,0
BRDA:208,1,0,0
BRDA:208,1,1,0
BRDA:211,2,0,0
BRDA:211,2,1,0
BRDA:217,3,0,0
BRDA:217,3,1,0
BRDA:217,3,2,0
BRDA:222,4,0,0
BRDA:222,4,1,0
BRDA:232,5,0,0
BRDA:232,5,1,0
BRDA:246,6,0,0
BRDA:246,6,1,0
BRDA:249,7,0,0
BRDA:249,7,1,0
BRDA:256,8,0,0
BRDA:256,8,1,0
BRDA:263,9,0,0
BRDA:263,9,1,0
BRDA:268,10,0,0
BRDA:268,10,1,0
BRDA:274,11,0,0
BRDA:274,11,1,0
BRDA:287,12,0,0
BRDA:287,12,1,0
BRDA:291,13,0,0
BRDA:291,13,1,0
BRDA:292,14,0,0
BRDA:292,14,1,0
BRDA:319,15,0,0
BRDA:319,15,1,0
BRF:33
BRH:0
end_of_record
TN:
SF:/Users/bruins/Sites/vupi-gmnst/src/components/checkout/ShippingView.vue
FN:29,(anonymous_0)
FN:47,(anonymous_1)
FN:51,(anonymous_2)
FNF:3
FNH:0
FNDA:0,(anonymous_0)
FNDA:0,(anonymous_1)
FNDA:0,(anonymous_2)
DA:30,0
DA:32,0
DA:33,0
DA:36,0
DA:37,0
DA:38,0
DA:41,0
DA:44,0
DA:48,0
DA:52,0
DA:53,0
DA:55,0
LF:12
LH:0
BRDA:32,0,0,0
BRDA:32,0,1,0
BRDA:36,1,0,0
BRDA:36,1,1,0
BRDA:37,2,0,0
BRDA:37,2,1,0
BRDA:52,3,0,0
BRDA:52,3,1,0
BRF:8
BRH:0
end_of_record
TN:
SF:/Users/bruins/Sites/vupi-gmnst/src/pages/Error404.vue
FNF:0
FNH:0
LF:0
LH:0
BRF:0
BRH:0
end_of_record
TN:
SF:/Users/bruins/Sites/vupi-gmnst/src/App.vue
FN:41,(anonymous_0)
FN:52,(anonymous_1)
FN:66,(anonymous_2)
FN:71,(anonymous_3)
FN:75,(anonymous_4)
FNF:5
FNH:2
FNDA:1,(anonymous_0)
FNDA:1,(anonymous_1)
FNDA:0,(anonymous_2)
FNDA:0,(anonymous_3)
FNDA:0,(anonymous_4)
DA:42,1
DA:48,1
DA:49,1
DA:50,1
DA:52,1
DA:53,1
DA:54,1
DA:55,1
DA:56,1
DA:60,1
DA:61,1
DA:62,1
DA:64,1
DA:65,1
DA:67,0
DA:72,0
DA:76,0
DA:80,0
LF:18
LH:14
BRDA:53,0,0,1
BRDA:53,0,1,0
BRDA:56,1,0,1
BRDA:56,1,1,0
BRDA:64,2,0,1
BRDA:64,2,1,0
BRF:6
BRH:3
end_of_record
TN:
SF:/Users/bruins/Sites/vupi-gmnst/src/components/Navbar.vue
FN:95,(anonymous_0)
FN:114,(anonymous_1)
FN:122,(anonymous_2)
FN:128,(anonymous_3)
FN:133,(anonymous_4)
FNF:5
FNH:3
FNDA:0,(anonymous_0)
FNDA:0,(anonymous_1)
FNDA:1,(anonymous_2)
FNDA:1,(anonymous_3)
FNDA:1,(anonymous_4)
DA:66,1
DA:67,1
DA:82,1
DA:96,0
DA:106,0
DA:107,0
DA:110,0
DA:115,0
DA:119,0
DA:123,1
DA:124,1
DA:130,1
DA:134,1
DA:140,0
LF:14
LH:7
BRDA:96,0,0,0
BRDA:96,0,1,0
BRDA:106,1,0,0
BRDA:106,1,1,0
BRDA:123,2,0,1
BRDA:123,2,1,1
BRDA:123,2,2,1
BRF:7
BRH:3
end_of_record
TN:
SF:/Users/bruins/Sites/vupi-gmnst/src/components/FooterBar.vue
FN:17,(anonymous_0)
FNF:1
FNH:1
FNDA:1,(anonymous_0)
DA:18,1
LF:1
LH:1
BRF:0
BRH:0
end_of_record
TN:
SF:/Users/bruins/Sites/vupi-gmnst/src/util/filters.js
FN:1,host
FN:12,timeAgo
FN:27,pluralize
FNF:3
FNH:0
FNDA:0,host
FNDA:0,timeAgo
FNDA:0,pluralize
DA:2,0
DA:3,0
DA:5,0
DA:6,0
DA:9,0
DA:13,0
DA:15,0
DA:16,0
DA:18,0
DA:19,0
DA:22,0
DA:28,0
DA:29,0
DA:32,0
LF:14
LH:0
BRDA:5,0,0,0
BRDA:5,0,1,0
BRDA:15,1,0,0
BRDA:15,1,1,0
BRDA:18,2,0,0
BRDA:18,2,1,0
BRDA:28,3,0,0
BRDA:28,3,1,0
BRF:8
BRH:0
end_of_record
TN:
SF:/Users/bruins/Sites/vupi-gmnst/src/i18n/index.js
FNF:0
FNH:0
LF:0
LH:0
BRF:0
BRH:0
end_of_record
TN:
SF:/Users/bruins/Sites/vupi-gmnst/src/i18n/en_US.js
FNF:0
FNH:0
DA:1,1
DA:285,1
LF:2
LH:2
BRF:0
BRH:0
end_of_record
TN:
SF:/Users/bruins/Sites/vupi-gmnst/src/app.js
FN:13,(anonymous_0)
FN:23,createApp
FN:42,(anonymous_2)
FNF:3
FNH:3
FNDA:2,(anonymous_0)
FNDA:1,createApp
FNDA:2,(anonymous_2)
DA:13,1
DA:14,2
DA:17,1
DA:18,1
DA:24,1
DA:27,1
DA:28,1
DA:32,1
DA:37,1
DA:42,2
DA:48,1
LF:11
LH:11
BRF:0
BRH:0
end_of_record
TN:
SF:/Users/bruins/Sites/vupi-gmnst/src/components/ProgressBar.vue
FN:36,(anonymous_0)
FN:75,(anonymous_1)
FN:77,(anonymous_2)
FN:78,(anonymous_3)
FNF:4
FNH:0
FNDA:0,(anonymous_0)
FNDA:0,(anonymous_1)
FNDA:0,(anonymous_2)
FNDA:0,(anonymous_3)
DA:15,1
DA:27,0
DA:28,0
DA:30,0
DA:31,0
DA:32,0
DA:35,0
DA:36,0
DA:37,0
DA:38,0
DA:39,0
DA:43,0
DA:46,0
DA:47,0
DA:48,0
DA:49,0
DA:52,0
DA:55,0
DA:56,0
DA:59,0
DA:60,0
DA:63,0
DA:64,0
DA:65,0
DA:68,0
DA:69,0
DA:72,0
DA:73,0
DA:75,0
DA:76,0
DA:77,0
DA:78,0
DA:79,0
DA:83,0
DA:86,0
DA:87,0
LF:36
LH:1
BRDA:30,0,0,0
BRDA:30,0,1,0
BRDA:38,1,0,0
BRDA:38,1,1,0
BRF:4
BRH:0
end_of_record
TN:
SF:/Users/bruins/Sites/vupi-gmnst/src/components/checkout/ShippingMethodForm.vue
FN:53,(anonymous_0)
FN:65,(anonymous_1)
FN:73,(anonymous_2)
FN:84,(anonymous_3)
FN:88,(anonymous_4)
FN:122,(anonymous_5)
FNF:6
FNH:0
FNDA:0,(anonymous_0)
FNDA:0,(anonymous_1)
FNDA:0,(anonymous_2)
FNDA:0,(anonymous_3)
FNDA:0,(anonymous_4)
FNDA:0,(anonymous_5)
DA:43,1
DA:44,1
DA:45,1
DA:54,0
DA:66,0
DA:67,0
DA:70,0
DA:71,0
DA:73,0
DA:76,0
DA:77,0
DA:78,0
DA:85,0
DA:89,0
DA:90,0
DA:91,0
DA:92,0
DA:95,0
DA:97,0
DA:123,0
DA:124,0
LF:21
LH:3
BRDA:66,0,0,0
BRDA:66,0,1,0
BRDA:70,1,0,0
BRDA:70,1,1,0
BRDA:76,2,0,0
BRDA:76,2,1,0
BRDA:123,3,0,0
BRDA:123,3,1,0
BRF:8
BRH:0
end_of_record
TN:
SF:/Users/bruins/Sites/vupi-gmnst/src/entry-client.js
FN:17,(anonymous_0)
FN:22,(anonymous_1)
FN:28,(anonymous_2)
FN:37,(anonymous_3)
FN:41,(anonymous_4)
FNF:5
FNH:1
FNDA:1,(anonymous_0)
FNDA:0,(anonymous_1)
FNDA:0,(anonymous_2)
FNDA:0,(anonymous_3)
FNDA:0,(anonymous_4)
DA:8,1
DA:9,1
DA:12,1
DA:17,1
DA:22,1
DA:23,0
DA:25,0
DA:26,0
DA:27,0
DA:28,0
DA:29,0
DA:32,0
DA:33,0
DA:34,0
DA:37,0
DA:38,0
DA:39,0
DA:42,0
DA:43,0
DA:48,1
LF:20
LH:6
BRDA:29,0,0,0
BRDA:29,0,1,0
BRDA:32,1,0,0
BRDA:32,1,1,0
BRDA:38,2,0,0
BRDA:38,2,1,0
BRF:6
BRH:0
end_of_record
TN:
SF:/Users/bruins/Sites/vupi-gmnst/src/pages/checkout/CheckoutPlaceOrder.vue
FN:43,(anonymous_0)
FNF:1
FNH:0
FNDA:0,(anonymous_0)
DA:40,0
DA:44,0
LF:2
LH:0
BRF:0
BRH:0
end_of_record
TN:
SF:/Users/bruins/Sites/vupi-gmnst/src/util/BraintreeService.js
FN:5,(anonymous_0)
FN:13,(anonymous_1)
FN:14,(anonymous_2)
FN:17,(anonymous_3)
FN:31,(anonymous_4)
FN:32,(anonymous_5)
FN:49,(anonymous_6)
FN:63,(anonymous_7)
FN:64,(anonymous_8)
FN:69,(anonymous_9)
FN:81,(anonymous_10)
FN:86,(anonymous_11)
FN:87,(anonymous_12)
FN:98,(anonymous_13)
FN:101,(anonymous_14)
FNF:15
FNH:0
FNDA:0,(anonymous_0)
FNDA:0,(anonymous_1)
FNDA:0,(anonymous_2)
FNDA:0,(anonymous_3)
FNDA:0,(anonymous_4)
FNDA:0,(anonymous_5)
FNDA:0,(anonymous_6)
FNDA:0,(anonymous_7)
FNDA:0,(anonymous_8)
FNDA:0,(anonymous_9)
FNDA:0,(anonymous_10)
FNDA:0,(anonymous_11)
FNDA:0,(anonymous_12)
FNDA:0,(anonymous_13)
FNDA:0,(anonymous_14)
DA:6,0
DA:7,0
DA:8,0
DA:9,0
DA:14,0
DA:15,0
DA:18,0
DA:19,0
DA:22,0
DA:32,0
DA:33,0
DA:35,0
DA:50,0
DA:51,0
DA:54,0
DA:55,0
DA:64,0
DA:65,0
DA:67,0
DA:70,0
DA:71,0
DA:74,0
DA:82,0
DA:87,0
DA:88,0
DA:89,0
DA:90,0
DA:93,0
DA:99,0
DA:102,0
DA:103,0
DA:106,0
LF:32
LH:0
BRDA:18,0,0,0
BRDA:18,0,1,0
BRDA:50,1,0,0
BRDA:50,1,1,0
BRDA:70,2,0,0
BRDA:70,2,1,0
BRDA:88,3,0,0
BRDA:88,3,1,0
BRDA:102,4,0,0
BRDA:102,4,1,0
BRF:10
BRH:0
end_of_record
